C51 COMPILER V9.53.0.0   GPIO                                                              01/16/2023 12:42:30 PAGE 1   


C51 COMPILER V9.53.0.0, COMPILATION OF MODULE GPIO
OBJECT MODULE PLACED IN .\Output\GPIO.obj
COMPILER INVOKED BY: D:\arm\keil_c51\C51\BIN\C51.EXE Code\GPIO.C OPTIMIZE(8,SPEED) BROWSE INCDIR(.\Include) DEFINE(FOSC_
                    -160000) DEBUG OBJECTEXTEND PRINT(.\LST\GPIO.lst) TABS(2) OBJECT(.\Output\GPIO.obj)

line level    source

   1          /*--------------------------------------------------------------------------------------------------------
             --*/
   2          /*                                                                                                        
             - */
   3          /* Copyright(c) 2017 Nuvoton Technology Corp. All rights reserved.                                        
             - */
   4          /*                                                                                                        
             - */
   5          /*--------------------------------------------------------------------------------------------------------
             --*/
   6          
   7          //********************************************************************************************************
             -***
   8          //  Website: http://www.nuvoton.com
   9          //  E-Mail : MicroC-8bit@nuvoton.com
  10          //  Date   : Jan/21/2017
  11          //********************************************************************************************************
             -***
  12          
  13          //********************************************************************************************************
             -***
  14          //  File Function: N76E003 GPIO demo code
  15          //********************************************************************************************************
             -***
  16          #include "N76E003.h"
  17          #include "SFR_Macro.h"
  18          #include "Function_define.h"
  19          #include "Common.h"
  20          #include "Delay.h"
  21          
  22          //*****************  The Following is in define in Fucntion_define.h  ***************************
  23          //****** Always include Function_define.h call the define you want, detail see main(void) *******
  24          //***********************************************************************************************
  25          #if 0
              ////------------------- Define Port as Quasi mode  -------------------
              //#define P00_Quasi_Mode        P0M1&=~SET_BIT0;P0M2&=~SET_BIT0
              //#define P01_Quasi_Mode        P0M1&=~SET_BIT1;P0M2&=~SET_BIT1
              //#define P02_Quasi_Mode        P0M1&=~SET_BIT2;P0M2&=~SET_BIT2
              //#define P03_Quasi_Mode        P0M1&=~SET_BIT3;P0M2&=~SET_BIT3
              //#define P04_Quasi_Mode        P0M1&=~SET_BIT4;P0M2&=~SET_BIT4
              //#define P05_Quasi_Mode        P0M1&=~SET_BIT5;P0M2&=~SET_BIT5
              //#define P06_Quasi_Mode        P0M1&=~SET_BIT6;P0M2&=~SET_BIT6
              //#define P07_Quasi_Mode        P0M1&=~SET_BIT7;P0M2&=~SET_BIT7
              //#define P10_Quasi_Mode        P1M1&=~SET_BIT0;P1M2&=~SET_BIT0
              //#define P11_Quasi_Mode        P1M1&=~SET_BIT1;P1M2&=~SET_BIT1
              //#define P12_Quasi_Mode        P1M1&=~SET_BIT2;P1M2&=~SET_BIT2
              //#define P13_Quasi_Mode        P1M1&=~SET_BIT3;P1M2&=~SET_BIT3
              //#define P14_Quasi_Mode        P1M1&=~SET_BIT4;P1M2&=~SET_BIT4
              //#define P15_Quasi_Mode        P1M1&=~SET_BIT5;P1M2&=~SET_BIT5
              //#define P16_Quasi_Mode        P1M1&=~SET_BIT6;P1M2&=~SET_BIT6
              //#define P17_Quasi_Mode        P1M1&=~SET_BIT7;P1M2&=~SET_BIT7
              //#define P20_Quasi_Mode        P2M1&=~SET_BIT0;P2M2&=~SET_BIT0
              //#define P30_Quasi_Mode        P3M1&=~SET_BIT0;P3M2&=~SET_BIT0
              ////------------------- Define Port as Push Pull mode -------------------
C51 COMPILER V9.53.0.0   GPIO                                                              01/16/2023 12:42:30 PAGE 2   

              //#define P00_PushPull_Mode     P0M1|=SET_BIT0;P0M2&=~SET_BIT0
              //#define P01_PushPull_Mode     P0M1|=SET_BIT1;P0M2&=~SET_BIT1
              //#define P02_PushPull_Mode     P0M1&=~SET_BIT2;P0M2|=SET_BIT2
              //#define P03_PushPull_Mode     P0M1&=~SET_BIT3;P0M2|=SET_BIT3
              //#define P04_PushPull_Mode     P0M1&=~SET_BIT4;P0M2|=SET_BIT4
              //#define P05_PushPull_Mode     P0M1&=~SET_BIT5;P0M2|=SET_BIT5
              //#define P06_PushPull_Mode     P0M1&=~SET_BIT6;P0M2|=SET_BIT6
              //#define P07_PushPull_Mode     P0M1&=~SET_BIT7;P0M2|=SET_BIT7
              //#define P10_PushPull_Mode     P1M1&=~SET_BIT0;P1M2|=SET_BIT0
              //#define P11_PushPull_Mode     P1M1&=~SET_BIT1;P1M2|=SET_BIT1
              //#define P12_PushPull_Mode     P1M1&=~SET_BIT2;P1M2|=SET_BIT2
              //#define P13_PushPull_Mode     P1M1&=~SET_BIT3;P1M2|=SET_BIT3
              //#define P14_PushPull_Mode     P1M1&=~SET_BIT4;P1M2|=SET_BIT4
              //#define P15_PushPull_Mode     P1M1&=~SET_BIT5;P1M2|=SET_BIT5
              //#define P16_PushPull_Mode     P1M1&=~SET_BIT6;P1M2|=SET_BIT6
              //#define P17_PushPull_Mode     P1M1&=~SET_BIT7;P1M2|=SET_BIT7
              //#define P20_PushPull_Mode     P2M1&=~SET_BIT0;P2M2|=SET_BIT0
              //#define P30_PushPull_Mode     P3M1&=~SET_BIT0;P3M2|=SET_BIT0
              ////------------------- Define Port as Input Only mode -------------------
              //#define P00_Input_Mode        P0M1|=SET_BIT0;P0M2&=~SET_BIT0
              //#define P01_Input_Mode        P0M1|=SET_BIT1;P0M2&=~SET_BIT1
              //#define P02_Input_Mode        P0M1|=SET_BIT2;P0M2&=~SET_BIT2
              //#define P03_Input_Mode        P0M1|=SET_BIT3;P0M2&=~SET_BIT3
              //#define P04_Input_Mode        P0M1|=SET_BIT4;P0M2&=~SET_BIT4
              //#define P05_Input_Mode        P0M1|=SET_BIT5;P0M2&=~SET_BIT5
              //#define P06_Input_Mode        P0M1|=SET_BIT6;P0M2&=~SET_BIT6
              //#define P07_Input_Mode        P0M1|=SET_BIT7;P0M2&=~SET_BIT7
              //#define P10_Input_Mode        P1M1|=SET_BIT0;P1M2&=~SET_BIT0
              //#define P11_Input_Mode        P1M1|=SET_BIT1;P1M2&=~SET_BIT1
              //#define P12_Input_Mode        P1M1|=SET_BIT2;P1M2&=~SET_BIT2
              //#define P13_Input_Mode        P1M1|=SET_BIT3;P1M2&=~SET_BIT3
              //#define P14_Input_Mode        P1M1|=SET_BIT4;P1M2&=~SET_BIT4
              //#define P15_Input_Mode        P1M1|=SET_BIT5;P1M2&=~SET_BIT5
              //#define P16_Input_Mode        P1M1|=SET_BIT6;P1M2&=~SET_BIT6
              //#define P17_Input_Mode        P1M1|=SET_BIT7;P1M2&=~SET_BIT7
              //#define P20_Input_Mode        P2M1|=SET_BIT0;P2M2&=~SET_BIT0
              //#define P30_Input_Mode        P3M1|=SET_BIT0;P3M2&=~SET_BIT0
              ////-------------------Define Port as Open Drain mode -------------------
              //#define P00_OpenDrain_Mode    P0M1|=SET_BIT0;P0M2|=SET_BIT0
              //#define P01_OpenDrain_Mode    P0M1|=SET_BIT1;P0M2|=SET_BIT1
              //#define P02_OpenDrain_Mode    P0M1|=SET_BIT2;P0M2|=SET_BIT2
              //#define P03_OpenDrain_Mode    P0M1|=SET_BIT3;P0M2|=SET_BIT3
              //#define P04_OpenDrain_Mode    P0M1|=SET_BIT4;P0M2|=SET_BIT4
              //#define P05_OpenDrain_Mode    P0M1|=SET_BIT5;P0M2|=SET_BIT5
              //#define P06_OpenDrain_Mode    P0M1|=SET_BIT6;P0M2|=SET_BIT6
              //#define P07_OpenDrain_Mode    P0M1|=SET_BIT7;P0M2|=SET_BIT7
              //#define P10_OpenDrain_Mode    P1M1|=SET_BIT0;P1M2|=SET_BIT0
              //#define P11_OpenDrain_Mode    P1M1|=SET_BIT1;P1M2|=SET_BIT1
              //#define P12_OpenDrain_Mode    P1M1|=SET_BIT2;P1M2|=SET_BIT2
              //#define P13_OpenDrain_Mode    P1M1|=SET_BIT3;P1M2|=SET_BIT3
              //#define P14_OpenDrain_Mode    P1M1|=SET_BIT4;P1M2|=SET_BIT4
              //#define P15_OpenDrain_Mode    P1M1|=SET_BIT5;P1M2|=SET_BIT5
              //#define P16_OpenDrain_Mode    P1M1|=SET_BIT6;P1M2|=SET_BIT6
              //#define P17_OpenDrain_Mode    P1M1|=SET_BIT7;P1M2|=SET_BIT7
              //#define P20_OpenDrain_Mode    P2M1|=SET_BIT0;P2M2|=SET_BIT0
              //#define P30_OpenDrain_Mode    P3M1|=SET_BIT0;P3M2|=SET_BIT0
              ////--------- Define all port as quasi mode ---------
              //#define Set_All_GPIO_Quasi_Mode     P0M1=0;P0M1=0;P1M1=0;P1M2=0;P2M1=0;P2M2=0;P3M1=0;P3M2=0
              #endif
 105          
 106          #define UVC_ON()  (P01 = 1)
 107          #define UVC_OFF() (P01 = 0)
C51 COMPILER V9.53.0.0   GPIO                                                              01/16/2023 12:42:30 PAGE 3   

 108          
 109          
 110          /*------------------------------------------------
 111          The main C function.  Program execution starts
 112          here after stack initialization.
 113          ------------------------------------------------*/
 114          
 115          void main (void) 
 116          {
 117   1      //  unsigned char temp;
 118   1        Set_All_GPIO_Quasi_Mode;          // Define in Function_define.h
 119   1        
 120   1      #if 0
                InitialUART0_Timer3(115200);
              //  set_CLOEN;                      // For clock out from P1.1
                
                while(1)
                {
                  clr_GPIO1;                      // Tiny board GPIO1 LED define
                  P0 = 0x00;
                  P2 = 0x00;
                  P1 = 0x00;
                  Timer0_Delay1ms(30);
                  P0 = 0xff;
                  P2 = 0xff;
                  P1 = 0xff;
                  set_GPIO1;  
              
                  Send_Data_To_UART0(0x35);         //UART0 send ascii "U"
                  temp = 0x31 + P0;
                  Send_Data_To_UART0(temp);
                  temp = 0x31 + P1;
                  Send_Data_To_UART0(temp);
              
                  Timer0_Delay1ms(30);
                }
              #endif
 145   1      
 146   1      #if 1
 147   1        //设置推挽模式
 148   1        P00_PushPull_Mode;
 149   1        P01_PushPull_Mode;
 150   1        set_P00;
 151   1        
 152   1        while(1)
 153   1        {
 154   2            UVC_ON();
 155   2      //    clr_GPIO1;                      // Tiny board GPIO1 LED define
 156   2      //    P0 = 0x00;
 157   2      //    P2 = 0x00;
 158   2      //    P1 = 0x00;
 159   2      //    Timer0_Delay1ms(30);
 160   2      //    P0 = 0xff;
 161   2      //    P2 = 0xff;
 162   2      //    P1 = 0xff;
 163   2      //    set_GPIO1;  
 164   2      //    Timer0_Delay1ms(30);
 165   2          
 166   2        }
 167   1      #endif
 168   1        
 169   1      
C51 COMPILER V9.53.0.0   GPIO                                                              01/16/2023 12:42:30 PAGE 4   

 170   1      }
 171          
 172          
 173          


MODULE INFORMATION:   STATIC OVERLAYABLE
   CODE SIZE        =     31    ----
   CONSTANT SIZE    =   ----    ----
   XDATA SIZE       =   ----    ----
   PDATA SIZE       =   ----    ----
   DATA SIZE        =   ----    ----
   IDATA SIZE       =   ----    ----
   BIT SIZE         =   ----    ----
END OF MODULE INFORMATION.


C51 COMPILATION COMPLETE.  0 WARNING(S),  0 ERROR(S)
